<users>
  <user age="44">John Doe</user>
  <user age="41">Jane Doe</user>
</users>